<?xml version="1.0" encoding="UTF-8"?>
<!-- Generated by org.testng.reporters.JUnitXMLReporter -->
<testsuite ignored="0" hostname="DESKTOP-UV1O9DM" failures="1" tests="2" name="Test" time="43.121" errors="0" timestamp="2022-10-22T17:53:37 IST">
  <testcase classname="POM_DDF_TestNg_Baseclass_Utilityclass.Test_Class_TestNG1" name="TC1" time="6.399">
    <failure type="java.lang.AssertionError" message="expected [Paul Collings

] but found [Paul Collings]">
      <![CDATA[java.lang.AssertionError: expected [Paul Collings

] but found [Paul Collings]
at POM_DDF_TestNg_Baseclass_Utilityclass.Test_Class_TestNG1.TC1(Test_Class_TestNG1.java:54)
at java.base/java.util.ArrayList.forEach(ArrayList.java:1511)
... Removed 33 stack frames]]>
    </failure>
  </testcase> <!-- TC1 -->
  <testcase classname="POM_DDF_TestNg_Baseclass_Utilityclass.Test_Class_TestNG1" name="Tc2" time="3.393"/>
</testsuite> <!-- Test -->
